<?xml version="1.0" encoding="UTF-8"?>
<testng-results ignored="0" total="1" passed="1" failed="0" skipped="0">
  <reporter-output>
  </reporter-output>
  <suite started-at="2026-05-22T00:53:49 IST" name="Default suite" finished-at="2026-05-22T00:53:56 IST" duration-ms="7671">
    <groups>
    </groups>
    <test started-at="2026-05-22T00:53:49 IST" name="Default test" finished-at="2026-05-22T00:53:56 IST" duration-ms="7671">
      <class name="TestPackage.AutomationTestclass">
        <test-method signature="testMethod()[pri:0, instance:TestPackage.AutomationTestclass@4802796d]" started-at="2026-05-22T00:53:49 IST" name="testMethod" finished-at="2026-05-22T00:53:56 IST" duration-ms="7632" status="PASS">
          <reporter-output>
          </reporter-output>
        </test-method> <!-- testMethod -->
      </class> <!-- TestPackage.AutomationTestclass -->
    </test> <!-- Default test -->
  </suite> <!-- Default suite -->
</testng-results>
